src/frontend/PKUToolMan/app/build/intermediates/manifest_merge_blame_file/debug/manifest-merger-blame-debug-report.txt
1<?xml version="1.0" encoding="utf-8"?>
2<manifest xmlns:android="http://schemas.android.com/apk/res/android"
3    package="com.example.pkutoolman"
4    android:versionCode="1"
5    android:versionName="1.0" >
6
7    <uses-sdk
8        android:minSdkVersion="26"
8-->src/main/AndroidManifest.xml
9        android:targetSdkVersion="30" />
9-->src/main/AndroidManifest.xml
10
11    <uses-permission android:name="android.permission.INTERNET" />
11-->src/main/AndroidManifest.xml:38:5-84
11-->src/main/AndroidManifest.xml:38:22-64
12
13    <!-- 访问网络，进行地图相关业务数据请求，包括地图数据，路线规划，POI检索等 -->
14    <uses-permission android:name="android.permission.INTERNET" />
14-->src/main/AndroidManifest.xml:38:5-84
14-->src/main/AndroidManifest.xml:38:22-64
15    <!-- 获取网络状态，根据网络状态切换进行数据请求网络转换 -->
16    <uses-permission android:name="android.permission.ACCESS_NETWORK_STATE" />
16-->src/main/AndroidManifest.xml:43:5-79
16-->src/main/AndroidManifest.xml:43:22-76
17    <!-- 这个权限用于进行网络定位 -->
18    <uses-permission android:name="android.permission.ACCESS_COARSE_LOCATION" />
18-->src/main/AndroidManifest.xml:45:5-81
18-->src/main/AndroidManifest.xml:45:22-78
19    <!-- 这个权限用于访问GPS定位 -->
20    <uses-permission android:name="android.permission.ACCESS_FINE_LOCATION" />
20-->src/main/AndroidManifest.xml:47:5-79
20-->src/main/AndroidManifest.xml:47:22-76
21
22    <!-- 读取外置存储。如果开发者使用了so动态加载功能并且把so文件放在了外置存储区域，则需要申请该权限，否则不需要 -->
23    <uses-permission android:name="android.permission.READ_EXTERNAL_STORAGE" />
23-->src/main/AndroidManifest.xml:50:5-80
23-->src/main/AndroidManifest.xml:50:22-77
24    <!-- 写外置存储。如果开发者使用了离线地图，并且数据写在外置存储区域，则需要申请该权限 -->
25    <uses-permission android:name="android.permission.WRITE_EXTERNAL_STORAGE" />
25-->src/main/AndroidManifest.xml:52:5-81
25-->src/main/AndroidManifest.xml:52:22-78
26
27    <application
27-->src/main/AndroidManifest.xml:5:5-37:19
28        android:name="com.example.pkutoolman.DemoApplication"
28-->src/main/AndroidManifest.xml:11:9-42
29        android:allowBackup="true"
29-->src/main/AndroidManifest.xml:6:9-35
30        android:appComponentFactory="androidx.core.app.CoreComponentFactory"
30-->[androidx.core:core:1.3.1] AndroidManifest.xml:24:18-86
31        android:debuggable="true"
32        android:extractNativeLibs="false"
33        android:icon="@mipmap/ic_launcher"
33-->src/main/AndroidManifest.xml:7:9-43
34        android:label="@string/app_name"
34-->src/main/AndroidManifest.xml:8:9-41
35        android:roundIcon="@mipmap/ic_launcher_round"
35-->src/main/AndroidManifest.xml:9:9-54
36        android:supportsRtl="true"
36-->src/main/AndroidManifest.xml:10:9-35
37        android:testOnly="true"
38        android:theme="@style/Theme.PKUToolMan_blue"
38-->src/main/AndroidManifest.xml:12:9-53
39        android:usesCleartextTraffic="true" >
39-->src/main/AndroidManifest.xml:13:9-44
40        <activity
40-->src/main/AndroidManifest.xml:14:9-22:20
41            android:name="com.example.pkutoolman.LoginActivity"
41-->src/main/AndroidManifest.xml:15:13-42
42            android:label="@string/app_name" >
42-->src/main/AndroidManifest.xml:16:13-45
43            <intent-filter>
43-->src/main/AndroidManifest.xml:17:13-21:29
44                <action android:name="android.intent.action.MAIN" />
44-->src/main/AndroidManifest.xml:18:17-69
44-->src/main/AndroidManifest.xml:18:25-66
45
46                <category android:name="android.intent.category.LAUNCHER" />
46-->src/main/AndroidManifest.xml:20:17-77
46-->src/main/AndroidManifest.xml:20:27-74
47            </intent-filter>
48        </activity>
49        <activity android:name="com.example.pkutoolman.RegisterActivity" />
49-->src/main/AndroidManifest.xml:23:9-54
49-->src/main/AndroidManifest.xml:23:19-51
50        <activity android:name="com.example.pkutoolman.MainActivity" />
50-->src/main/AndroidManifest.xml:24:9-50
50-->src/main/AndroidManifest.xml:24:19-47
51        <activity android:name="com.example.pkutoolman.ChatActivity" />
51-->src/main/AndroidManifest.xml:25:9-50
51-->src/main/AndroidManifest.xml:25:19-47
52        <activity android:name="com.example.pkutoolman.ForgetActivity" />
52-->src/main/AndroidManifest.xml:26:9-52
52-->src/main/AndroidManifest.xml:26:19-49
53        <activity android:name="com.example.pkutoolman.MapActivity" />
53-->src/main/AndroidManifest.xml:27:9-49
53-->src/main/AndroidManifest.xml:27:19-46
54
55        <meta-data
55-->src/main/AndroidManifest.xml:29:9-31:64
56            android:name="com.baidu.lbsapi.API_KEY"
56-->src/main/AndroidManifest.xml:30:13-52
57            android:value="jkdML1b21WVj1UseG6m7wsXQAPT2xE8t" />
57-->src/main/AndroidManifest.xml:31:13-61
58
59        <service
59-->src/main/AndroidManifest.xml:33:9-35:49
60            android:name="com.baidu.location.f"
60-->src/main/AndroidManifest.xml:33:18-53
61            android:label="true"
61-->src/main/AndroidManifest.xml:34:13-33
62            android:process=":remote" />
62-->src/main/AndroidManifest.xml:35:13-38
63
64        <activity android:name="com.example.pkutoolman.ui.orderinfo.OrderinfoActivity" />
64-->src/main/AndroidManifest.xml:36:9-68
64-->src/main/AndroidManifest.xml:36:19-65
65    </application>
66
67</manifest>